\BOOKMARK [0][-]{section*.1}{Abstract}{}
\BOOKMARK [0][-]{section*.1}{Contents}{}
\BOOKMARK [0][-]{chapter*.2}{List of Figures}{}
\BOOKMARK [0][-]{chapter*.3}{List of Tables}{}
\BOOKMARK [0][-]{chapter*.4}{Notation and Symbols}{}
\BOOKMARK [0][-]{chapter.1}{Introduction}{}
\BOOKMARK [0][-]{chapter.2}{Output Tracking of Nonlinear System}{}
\BOOKMARK [1][-]{section.2.1}{Single-Input Single-Output Case \(SISO\)}{chapter.2}
\BOOKMARK [2][-]{subsection.2.1.1}{Input-Output Feedback Linearization}{section.2.1}
\BOOKMARK [2][-]{subsection.2.1.2}{Output Tracking}{section.2.1}
\BOOKMARK [1][-]{section.2.2}{Multi-Input Multi-Output Case \(MIMO\)}{chapter.2}
\BOOKMARK [2][-]{subsection.2.2.1}{Input-Output Feedback Linearization}{section.2.2}
\BOOKMARK [2][-]{subsection.2.2.2}{Output Tracking}{section.2.2}
\BOOKMARK [0][-]{chapter.3}{Output Tracking of Multiple Homogeneous Agents}{}
\BOOKMARK [1][-]{section.3.1}{Output Tracking by Absolute References}{chapter.3}
\BOOKMARK [1][-]{section.3.2}{Output Tracking by Relative References}{chapter.3}
\BOOKMARK [1][-]{section.3.3}{Kronecker Product}{chapter.3}
\BOOKMARK [1][-]{section.3.4}{Graph Theory}{chapter.3}
\BOOKMARK [2][-]{subsection.3.4.1}{Definitions}{section.3.4}
\BOOKMARK [2][-]{subsection.3.4.2}{Path}{section.3.4}
\BOOKMARK [2][-]{subsection.3.4.3}{Connectivity}{section.3.4}
\BOOKMARK [2][-]{subsection.3.4.4}{Component}{section.3.4}
\BOOKMARK [2][-]{subsection.3.4.5}{Graph Representation}{section.3.4}
\BOOKMARK [2][-]{subsection.3.4.6}{Irreducible}{section.3.4}
\BOOKMARK [1][-]{section.3.5}{Nonnegative Matrix}{chapter.3}
\BOOKMARK [1][-]{section.3.6}{Control Analysis and Design}{chapter.3}
\BOOKMARK [0][-]{chapter.4}{Formation Tracking Control}{}
\BOOKMARK [1][-]{section.4.1}{Formation}{chapter.4}
\BOOKMARK [2][-]{subsection.4.1.1}{Formation Matrix}{section.4.1}
\BOOKMARK [2][-]{subsection.4.1.2}{Formation of Agents}{section.4.1}
\BOOKMARK [2][-]{subsection.4.1.3}{Formation Vector}{section.4.1}
\BOOKMARK [1][-]{section.4.2}{Formation Tracking}{chapter.4}
\BOOKMARK [1][-]{section.4.3}{Permutation of Agents}{chapter.4}
\BOOKMARK [1][-]{section.4.4}{Permutation Invariant Formation Tracking}{chapter.4}
\BOOKMARK [2][-]{subsection.4.4.1}{Weighted Graph Matching Problem}{section.4.4}
\BOOKMARK [2][-]{subsection.4.4.2}{Dynamical Approach to Formation Assignment}{section.4.4}
\BOOKMARK [2][-]{subsection.4.4.3}{Integrated Tracking Control}{section.4.4}
\BOOKMARK [0][-]{chapter.5}{Example}{}
\BOOKMARK [1][-]{section.5.1}{Multiple Homogeneous Nonholonomic Mobile Robots}{chapter.5}
\BOOKMARK [2][-]{subsection.5.1.1}{Modeling a Mobile Robot}{section.5.1}
\BOOKMARK [2][-]{subsection.5.1.2}{Input-output feedback linearization}{section.5.1}
\BOOKMARK [2][-]{subsection.5.1.3}{Multiple Homogeneous Mobile Robots}{section.5.1}
\BOOKMARK [2][-]{subsection.5.1.4}{Formation Configuration}{section.5.1}
\BOOKMARK [2][-]{subsection.5.1.5}{Connectivity of Agents}{section.5.1}
\BOOKMARK [2][-]{subsection.5.1.6}{Decentralized Formation Controller}{section.5.1}
\BOOKMARK [2][-]{subsection.5.1.7}{Permutation Invariant Formation}{section.5.1}
\BOOKMARK [2][-]{subsection.5.1.8}{Simulation Results}{section.5.1}
\BOOKMARK [0][-]{chapter.6}{Conclusion}{}
\BOOKMARK [0][-]{appendix.A}{Matlab Code}{}
\BOOKMARK [1][-]{section.A.1}{Example in Chapter 5}{appendix.A}
\BOOKMARK [0][-]{section*.19}{Bibliography}{}
\BOOKMARK [0][-]{section*.21}{Abstract in Korean}{}
\BOOKMARK [0][-]{section*.22}{Acknowledgement}{}
