This is pdfTeX, Version 3.1415926-1.40.8-alpha-20080323 (MiKTeX 2.7) (preloaded format=pdflatex 2008.6.12)  8 JUL 2008 02:14
entering extended mode
**document.tex
(document.tex
LaTeX2e <2005/12/01>
Babel <v3.8j> and hyphenation patterns for english, dumylang, nohyphenation, ge
rman, ngerman, french, loaded.
("C:\Program Files (x86)\MiKTeX 2.7\tex\latex\base\book.cls"
Document Class: book 2005/09/16 v1.4f Standard LaTeX document class
("C:\Program Files (x86)\MiKTeX 2.7\tex\latex\base\bk11.clo"
File: bk11.clo 2005/09/16 v1.4f Standard LaTeX file (size option)
)
\c@part=\count79
\c@chapter=\count80
\c@section=\count81
\c@subsection=\count82
\c@subsubsection=\count83
\c@paragraph=\count84
\c@subparagraph=\count85
\c@figure=\count86
\c@table=\count87
\abovecaptionskip=\skip41
\belowcaptionskip=\skip42
\bibindent=\dimen102
) (document.sty
Department of Electrical Engineering and Computer Science, SNU, Thesis Package 
`snueecs-ms.sty' v0.9 <10/06/2005>
("C:\Program Files (x86)\MiKTeX 2.7\tex\latex\amsmath\amsmath.sty"
Package: amsmath 2000/07/18 v2.13 AMS math features
\@mathmargin=\skip43

For additional information on amsmath, use the `?' option.
("C:\Program Files (x86)\MiKTeX 2.7\tex\latex\amsmath\amstext.sty"
Package: amstext 2000/06/29 v2.01

("C:\Program Files (x86)\MiKTeX 2.7\tex\latex\amsmath\amsgen.sty"
File: amsgen.sty 1999/11/30 v2.0
\@emptytoks=\toks14
\ex@=\dimen103
))
("C:\Program Files (x86)\MiKTeX 2.7\tex\latex\amsmath\amsbsy.sty"
Package: amsbsy 1999/11/29 v1.2d
\pmbraise@=\dimen104
)
("C:\Program Files (x86)\MiKTeX 2.7\tex\latex\amsmath\amsopn.sty"
Package: amsopn 1999/12/14 v2.01 operator names
)
\inf@bad=\count88
LaTeX Info: Redefining \frac on input line 211.
\uproot@=\count89
\leftroot@=\count90
LaTeX Info: Redefining \overline on input line 307.
\classnum@=\count91
\DOTSCASE@=\count92
LaTeX Info: Redefining \ldots on input line 379.
LaTeX Info: Redefining \dots on input line 382.
LaTeX Info: Redefining \cdots on input line 467.
\Mathstrutbox@=\box26
\strutbox@=\box27
\big@size=\dimen105
LaTeX Font Info:    Redeclaring font encoding OML on input line 567.
LaTeX Font Info:    Redeclaring font encoding OMS on input line 568.
\macc@depth=\count93
\c@MaxMatrixCols=\count94
\dotsspace@=\muskip10
\c@parentequation=\count95
\dspbrk@lvl=\count96
\tag@help=\toks15
\row@=\count97
\column@=\count98
\maxfields@=\count99
\andhelp@=\toks16
\eqnshift@=\dimen106
\alignsep@=\dimen107
\tagshift@=\dimen108
\tagwidth@=\dimen109
\totwidth@=\dimen110
\lineht@=\dimen111
\@envbody=\toks17
\multlinegap=\skip44
\multlinetaggap=\skip45
\mathdisplay@stack=\toks18
LaTeX Info: Redefining \[ on input line 2666.
LaTeX Info: Redefining \] on input line 2667.
)
("C:\Program Files (x86)\MiKTeX 2.7\tex\latex\amscls\amsthm.sty"
Package: amsthm 2004/08/06 v2.20
\thm@style=\toks19
\thm@bodyfont=\toks20
\thm@headfont=\toks21
\thm@notefont=\toks22
\thm@headpunct=\toks23
\thm@preskip=\skip46
\thm@postskip=\skip47
\thm@headsep=\skip48
\dth@everypar=\toks24
)
("C:\Program Files (x86)\MiKTeX 2.7\tex\latex\amsfonts\amssymb.sty"
Package: amssymb 2002/01/22 v2.2d

("C:\Program Files (x86)\MiKTeX 2.7\tex\latex\amsfonts\amsfonts.sty"
Package: amsfonts 2001/10/25 v2.2f
\symAMSa=\mathgroup4
\symAMSb=\mathgroup5
LaTeX Font Info:    Overwriting math alphabet `\mathfrak' in version `bold'
(Font)                  U/euf/m/n --> U/euf/b/n on input line 132.
))
("C:\Program Files (x86)\MiKTeX 2.7\tex\latex\amsmath\amsxtra.sty"
Package: amsxtra 1999/11/15 v1.2c
LaTeX Info: Redefining \nobreakspace on input line 77.
)
(C:\ProgramData\MiKTeX\2.7\tex\latex\kotex\kotex.sty
Package: kotex 2007/07/15 v0.1.0 Korean TeX (ko.TeX)

(C:\ProgramData\MiKTeX\2.7\tex\latex\kotex\kotex.cfg)
(C:\ProgramData\MiKTeX\2.7\tex\latex\kotex\utf\dhucs.sty
Package: dhucs 2007/10/07 v4.0.9 typesetting UTF-8 Korean documents

("C:\Program Files (x86)\MiKTeX 2.7\tex\latex\base\inputenc.sty"
Package: inputenc 2006/05/05 v1.1b Input encoding file
\inpenc@prehook=\toks25
\inpenc@posthook=\toks26

("C:\Program Files (x86)\MiKTeX 2.7\tex\latex\base\utf8.def"
File: utf8.def 2006/03/30 v1.1i UTF-8 support for inputenc
Now handling font encoding OML ...
... no UTF-8 mapping file for font encoding OML
Now handling font encoding T1 ...
... processing UTF-8 mapping file for font encodingT1

("C:\Program Files (x86)\MiKTeX 2.7\tex\latex\base\t1enc.dfu"
File: t1enc.dfu 2006/03/30 v1.1i UTF-8 support for inputenc
   defining Unicode char U+00A1 (decimal 161)
   defining Unicode char U+00A3 (decimal 163)
   defining Unicode char U+00AB (decimal 171)
   defining Unicode char U+00BB (decimal 187)
   defining Unicode char U+00BF (decimal 191)
   defining Unicode char U+00C0 (decimal 192)
   defining Unicode char U+00C1 (decimal 193)
   defining Unicode char U+00C2 (decimal 194)
   defining Unicode char U+00C3 (decimal 195)
   defining Unicode char U+00C4 (decimal 196)
   defining Unicode char U+00C5 (decimal 197)
   defining Unicode char U+00C6 (decimal 198)
   defining Unicode char U+00C7 (decimal 199)
   defining Unicode char U+00C8 (decimal 200)
   defining Unicode char U+00C9 (decimal 201)
   defining Unicode char U+00CA (decimal 202)
   defining Unicode char U+00CB (decimal 203)
   defining Unicode char U+00CC (decimal 204)
   defining Unicode char U+00CD (decimal 205)
   defining Unicode char U+00CE (decimal 206)
   defining Unicode char U+00CF (decimal 207)
   defining Unicode char U+00D0 (decimal 208)
   defining Unicode char U+00D1 (decimal 209)
   defining Unicode char U+00D2 (decimal 210)
   defining Unicode char U+00D3 (decimal 211)
   defining Unicode char U+00D4 (decimal 212)
   defining Unicode char U+00D5 (decimal 213)
   defining Unicode char U+00D6 (decimal 214)
   defining Unicode char U+00D8 (decimal 216)
   defining Unicode char U+00D9 (decimal 217)
   defining Unicode char U+00DA (decimal 218)
   defining Unicode char U+00DB (decimal 219)
   defining Unicode char U+00DC (decimal 220)
   defining Unicode char U+00DD (decimal 221)
   defining Unicode char U+00DE (decimal 222)
   defining Unicode char U+00DF (decimal 223)
   defining Unicode char U+00E0 (decimal 224)
   defining Unicode char U+00E1 (decimal 225)
   defining Unicode char U+00E2 (decimal 226)
   defining Unicode char U+00E3 (decimal 227)
   defining Unicode char U+00E4 (decimal 228)
   defining Unicode char U+00E5 (decimal 229)
   defining Unicode char U+00E6 (decimal 230)
   defining Unicode char U+00E7 (decimal 231)
   defining Unicode char U+00E8 (decimal 232)
   defining Unicode char U+00E9 (decimal 233)
   defining Unicode char U+00EA (decimal 234)
   defining Unicode char U+00EB (decimal 235)
   defining Unicode char U+00EC (decimal 236)
   defining Unicode char U+00ED (decimal 237)
   defining Unicode char U+00EE (decimal 238)
   defining Unicode char U+00EF (decimal 239)
   defining Unicode char U+00F0 (decimal 240)
   defining Unicode char U+00F1 (decimal 241)
   defining Unicode char U+00F2 (decimal 242)
   defining Unicode char U+00F3 (decimal 243)
   defining Unicode char U+00F4 (decimal 244)
   defining Unicode char U+00F5 (decimal 245)
   defining Unicode char U+00F6 (decimal 246)
   defining Unicode char U+00F8 (decimal 248)
   defining Unicode char U+00F9 (decimal 249)
   defining Unicode char U+00FA (decimal 250)
   defining Unicode char U+00FB (decimal 251)
   defining Unicode char U+00FC (decimal 252)
   defining Unicode char U+00FD (decimal 253)
   defining Unicode char U+00FE (decimal 254)
   defining Unicode char U+00FF (decimal 255)
   defining Unicode char U+0102 (decimal 258)
   defining Unicode char U+0103 (decimal 259)
   defining Unicode char U+0104 (decimal 260)
   defining Unicode char U+0105 (decimal 261)
   defining Unicode char U+0106 (decimal 262)
   defining Unicode char U+0107 (decimal 263)
   defining Unicode char U+010C (decimal 268)
   defining Unicode char U+010D (decimal 269)
   defining Unicode char U+010E (decimal 270)
   defining Unicode char U+010F (decimal 271)
   defining Unicode char U+0110 (decimal 272)
   defining Unicode char U+0111 (decimal 273)
   defining Unicode char U+0118 (decimal 280)
   defining Unicode char U+0119 (decimal 281)
   defining Unicode char U+011A (decimal 282)
   defining Unicode char U+011B (decimal 283)
   defining Unicode char U+011E (decimal 286)
   defining Unicode char U+011F (decimal 287)
   defining Unicode char U+0130 (decimal 304)
   defining Unicode char U+0131 (decimal 305)
   defining Unicode char U+0132 (decimal 306)
   defining Unicode char U+0133 (decimal 307)
   defining Unicode char U+0139 (decimal 313)
   defining Unicode char U+013A (decimal 314)
   defining Unicode char U+013D (decimal 317)
   defining Unicode char U+013E (decimal 318)
   defining Unicode char U+0141 (decimal 321)
   defining Unicode char U+0142 (decimal 322)
   defining Unicode char U+0143 (decimal 323)
   defining Unicode char U+0144 (decimal 324)
   defining Unicode char U+0147 (decimal 327)
   defining Unicode char U+0148 (decimal 328)
   defining Unicode char U+014A (decimal 330)
   defining Unicode char U+014B (decimal 331)
   defining Unicode char U+0150 (decimal 336)
   defining Unicode char U+0151 (decimal 337)
   defining Unicode char U+0152 (decimal 338)
   defining Unicode char U+0153 (decimal 339)
   defining Unicode char U+0154 (decimal 340)
   defining Unicode char U+0155 (decimal 341)
   defining Unicode char U+0158 (decimal 344)
   defining Unicode char U+0159 (decimal 345)
   defining Unicode char U+015A (decimal 346)
   defining Unicode char U+015B (decimal 347)
   defining Unicode char U+015E (decimal 350)
   defining Unicode char U+015F (decimal 351)
   defining Unicode char U+0160 (decimal 352)
   defining Unicode char U+0161 (decimal 353)
   defining Unicode char U+0162 (decimal 354)
   defining Unicode char U+0163 (decimal 355)
   defining Unicode char U+0164 (decimal 356)
   defining Unicode char U+0165 (decimal 357)
   defining Unicode char U+016E (decimal 366)
   defining Unicode char U+016F (decimal 367)
   defining Unicode char U+0170 (decimal 368)
   defining Unicode char U+0171 (decimal 369)
   defining Unicode char U+0178 (decimal 376)
   defining Unicode char U+0179 (decimal 377)
   defining Unicode char U+017A (decimal 378)
   defining Unicode char U+017B (decimal 379)
   defining Unicode char U+017C (decimal 380)
   defining Unicode char U+017D (decimal 381)
   defining Unicode char U+017E (decimal 382)
   defining Unicode char U+200C (decimal 8204)
   defining Unicode char U+2013 (decimal 8211)
   defining Unicode char U+2014 (decimal 8212)
   defining Unicode char U+2018 (decimal 8216)
   defining Unicode char U+2019 (decimal 8217)
   defining Unicode char U+201A (decimal 8218)
   defining Unicode char U+201C (decimal 8220)
   defining Unicode char U+201D (decimal 8221)
   defining Unicode char U+201E (decimal 8222)
   defining Unicode char U+2030 (decimal 8240)
   defining Unicode char U+2031 (decimal 8241)
   defining Unicode char U+2039 (decimal 8249)
   defining Unicode char U+203A (decimal 8250)
   defining Unicode char U+2423 (decimal 9251)
)
Now handling font encoding OT1 ...
... processing UTF-8 mapping file for font encodingOT1

("C:\Program Files (x86)\MiKTeX 2.7\tex\latex\base\ot1enc.dfu"
File: ot1enc.dfu 2006/03/30 v1.1i UTF-8 support for inputenc
   defining Unicode char U+00A1 (decimal 161)
   defining Unicode char U+00A3 (decimal 163)
   defining Unicode char U+00B8 (decimal 184)
   defining Unicode char U+00BF (decimal 191)
   defining Unicode char U+00C5 (decimal 197)
   defining Unicode char U+00C6 (decimal 198)
   defining Unicode char U+00D8 (decimal 216)
   defining Unicode char U+00DF (decimal 223)
   defining Unicode char U+00E6 (decimal 230)
   defining Unicode char U+00EC (decimal 236)
   defining Unicode char U+00ED (decimal 237)
   defining Unicode char U+00EE (decimal 238)
   defining Unicode char U+00EF (decimal 239)
   defining Unicode char U+00F8 (decimal 248)
   defining Unicode char U+0131 (decimal 305)
   defining Unicode char U+0141 (decimal 321)
   defining Unicode char U+0142 (decimal 322)
   defining Unicode char U+0152 (decimal 338)
   defining Unicode char U+0153 (decimal 339)
   defining Unicode char U+2013 (decimal 8211)
   defining Unicode char U+2014 (decimal 8212)
   defining Unicode char U+2018 (decimal 8216)
   defining Unicode char U+2019 (decimal 8217)
   defining Unicode char U+201C (decimal 8220)
   defining Unicode char U+201D (decimal 8221)
)
Now handling font encoding OMS ...
... processing UTF-8 mapping file for font encodingOMS

("C:\Program Files (x86)\MiKTeX 2.7\tex\latex\base\omsenc.dfu"
File: omsenc.dfu 2006/03/30 v1.1i UTF-8 support for inputenc
   defining Unicode char U+00A7 (decimal 167)
   defining Unicode char U+00B6 (decimal 182)
   defining Unicode char U+00B7 (decimal 183)
   defining Unicode char U+2020 (decimal 8224)
   defining Unicode char U+2021 (decimal 8225)
   defining Unicode char U+2022 (decimal 8226)
)
Now handling font encoding OMX ...
... no UTF-8 mapping file for font encoding OMX
Now handling font encoding U ...
... no UTF-8 mapping file for font encoding U
   defining Unicode char U+00A9 (decimal 169)
   defining Unicode char U+00AA (decimal 170)
   defining Unicode char U+00AE (decimal 174)
   defining Unicode char U+00BA (decimal 186)
   defining Unicode char U+02C6 (decimal 710)
   defining Unicode char U+02DC (decimal 732)
   defining Unicode char U+200C (decimal 8204)
   defining Unicode char U+2026 (decimal 8230)
   defining Unicode char U+2122 (decimal 8482)
   defining Unicode char U+2423 (decimal 9251)
))
Now handling font encoding LUC ...
... processing UTF-8 mapping file for font encoding LUC

(C:\ProgramData\MiKTeX\2.7\tex\latex\kotex\utf\lucenc.dfu
File: lucenc.dfu 2007/09/05 UTF-8 support for hangul-ucs
   defining Unicode char U+00B7 (decimal 183)
   defining Unicode char U+2018 (decimal 8216)
   defining Unicode char U+2019 (decimal 8217)
   defining Unicode char U+201C (decimal 8220)
   defining Unicode char U+201D (decimal 8221)
   defining Unicode char U+3001 (decimal 12289)
   defining Unicode char U+3002 (decimal 12290)
   defining Unicode char U+3008 (decimal 12296)
   defining Unicode char U+3009 (decimal 12297)
   defining Unicode char U+300A (decimal 12298)
   defining Unicode char U+300B (decimal 12299)
   defining Unicode char U+300C (decimal 12300)
   defining Unicode char U+300D (decimal 12301)
   defining Unicode char U+300E (decimal 12302)
   defining Unicode char U+300F (decimal 12303)
   defining Unicode char U+3010 (decimal 12304)
   defining Unicode char U+3011 (decimal 12305)
   defining Unicode char U+3014 (decimal 12308)
   defining Unicode char U+3015 (decimal 12309)
   defining Unicode char U+3016 (decimal 12310)
   defining Unicode char U+3017 (decimal 12311)
   defining Unicode char U+3018 (decimal 12312)
   defining Unicode char U+3019 (decimal 12313)
   defining Unicode char U+301A (decimal 12314)
   defining Unicode char U+301B (decimal 12315)
   defining Unicode char U+FF01 (decimal 65281)
   defining Unicode char U+FF08 (decimal 65288)
   defining Unicode char U+FF09 (decimal 65289)
   defining Unicode char U+FF0C (decimal 65292)
   defining Unicode char U+FF0E (decimal 65294)
   defining Unicode char U+FF1A (decimal 65306)
   defining Unicode char U+FF1B (decimal 65307)
   defining Unicode char U+FF1C (decimal 65308)
   defining Unicode char U+FF1D (decimal 65309)
   defining Unicode char U+FF1E (decimal 65310)
   defining Unicode char U+FF1F (decimal 65311)
   defining Unicode char U+FF3B (decimal 65339)
   defining Unicode char U+FF3D (decimal 65341)
   defining Unicode char U+FF5B (decimal 65371)
   defining Unicode char U+FF5D (decimal 65373)
   defining Unicode char U+FF61 (decimal 65377)
   defining Unicode char U+FF62 (decimal 65378)
   defining Unicode char U+FF63 (decimal 65379)
   defining Unicode char U+FF64 (decimal 65380)
   defining Unicode char U+FF65 (decimal 65381)
)
\unih@ngulpoint=\count100
\@josa=\count101
\dhucs@emph@raise=\dimen112
\josatoks=\toks27
))
("C:\Program Files (x86)\MiKTeX 2.7\tex\latex\fancyhdr\fancyhdr.sty"
\fancy@headwidth=\skip49
\f@ncyO@elh=\skip50
\f@ncyO@erh=\skip51
\f@ncyO@olh=\skip52
\f@ncyO@orh=\skip53
\f@ncyO@elf=\skip54
\f@ncyO@erf=\skip55
\f@ncyO@olf=\skip56
\f@ncyO@orf=\skip57
)
("C:\Program Files (x86)\MiKTeX 2.7\tex\latex\setspace\setspace.sty"
Package: setspace 2000/12/01 6.7 Contributed and Supported LaTeX2e package

Package: `setspace' 6.7 <2000/12/01>
)) ("C:\Program Files (x86)\MiKTeX 2.7\tex\latex\graphics\graphicx.sty"
Package: graphicx 1999/02/16 v1.0f Enhanced LaTeX Graphics (DPC,SPQR)

("C:\Program Files (x86)\MiKTeX 2.7\tex\latex\graphics\keyval.sty"
Package: keyval 1999/03/16 v1.13 key=value parser (DPC)
\KV@toks@=\toks28
)
("C:\Program Files (x86)\MiKTeX 2.7\tex\latex\graphics\graphics.sty"
Package: graphics 2006/02/20 v1.0o Standard LaTeX Graphics (DPC,SPQR)

("C:\Program Files (x86)\MiKTeX 2.7\tex\latex\graphics\trig.sty"
Package: trig 1999/03/16 v1.09 sin cos tan (DPC)
)
("C:\Program Files (x86)\MiKTeX 2.7\tex\latex\00miktex\graphics.cfg"
File: graphics.cfg 2007/01/18 v1.5 graphics configuration of teTeX/TeXLive
)
Package graphics Info: Driver file: pdftex.def on input line 90.

("C:\Program Files (x86)\MiKTeX 2.7\tex\latex\graphics\pdftex.def"
File: pdftex.def 2007/06/12 v0.04h Graphics/color for pdfTeX
\Gread@gobject=\count102
))
\Gin@req@height=\dimen113
\Gin@req@width=\dimen114
)
("C:\Program Files (x86)\MiKTeX 2.7\tex\latex\subfigure\subfigure.sty"
Package: subfigure 2002/07/30 v2.1.4 subfigure package
\subfigtopskip=\skip58
\subfigcapskip=\skip59
\subfigcaptopadj=\dimen115
\subfigbottomskip=\skip60
\subfigcapmargin=\dimen116
\subfiglabelskip=\skip61
\c@subfigure=\count103
\c@lofdepth=\count104
\c@subtable=\count105
\c@lotdepth=\count106

****************************************
* Local config file subfigure.cfg used *
****************************************
("C:\Program Files (x86)\MiKTeX 2.7\tex\latex\subfigure\subfigure.cfg")
\subfig@top=\skip62
\subfig@bottom=\skip63
)
("C:\Program Files (x86)\MiKTeX 2.7\tex\latex\hyperref\hyperref.sty"
Package: hyperref 2008/04/24 v6.77u Hypertext links for LaTeX

("C:\Program Files (x86)\MiKTeX 2.7\tex\latex\oberdiek\hycolor.sty"
Package: hycolor 2007/04/11 v1.1 Code for color options of hyperref/bookmark (H
O)
)
\@linkdim=\dimen117
\Hy@linkcounter=\count107
\Hy@pagecounter=\count108

("C:\Program Files (x86)\MiKTeX 2.7\tex\latex\hyperref\pd1enc.def"
File: pd1enc.def 2008/04/24 v6.77u Hyperref: PDFDocEncoding definition (HO)
Now handling font encoding PD1 ...
... no UTF-8 mapping file for font encoding PD1
)
("C:\Program Files (x86)\MiKTeX 2.7\tex\generic\oberdiek\etexcmds.sty"
Package: etexcmds 2007/12/12 v1.2 Prefix for e-TeX command names (HO)

("C:\Program Files (x86)\MiKTeX 2.7\tex\generic\oberdiek\infwarerr.sty"
Package: infwarerr 2007/09/09 v1.2 Providing info/warning/message (HO)
)
Package etexcmds Info: Could not find \expanded.
(etexcmds)             That can mean that you are not using pdfTeX 1.50 or
(etexcmds)             that some package has redefined \expanded.
(etexcmds)             In the latter case, load this package earlier.
)
("C:\Program Files (x86)\MiKTeX 2.7\tex\latex\00miktex\hyperref.cfg"
File: hyperref.cfg 2002/06/06 v1.2 hyperref configuration of TeXLive
)
("C:\Program Files (x86)\MiKTeX 2.7\tex\latex\oberdiek\kvoptions.sty"
Package: kvoptions 2007/10/18 v3.0 Keyval support for LaTeX options (HO)
)
Package hyperref Info: Option `colorlinks' set `true' on input line 2781.
Package hyperref Info: Hyper figures OFF on input line 2892.
Package hyperref Info: Link nesting OFF on input line 2897.
Package hyperref Info: Hyper index ON on input line 2900.
Package hyperref Info: Plain pages OFF on input line 2907.
Package hyperref Info: Backreferencing OFF on input line 2912.

Implicit mode ON; LaTeX internals redefined
Package hyperref Info: Bookmarks ON on input line 3071.
("C:\Program Files (x86)\MiKTeX 2.7\tex\latex\ltxmisc\url.sty"
\Urlmuskip=\muskip11
Package: url 2006/04/12  ver 3.3  Verb mode for urls, etc.
)
LaTeX Info: Redefining \url on input line 3255.

("C:\Program Files (x86)\MiKTeX 2.7\tex\generic\oberdiek\bitset.sty"
Package: bitset 2007/09/28 v1.0 Data type bit set (HO)

("C:\Program Files (x86)\MiKTeX 2.7\tex\generic\oberdiek\intcalc.sty"
Package: intcalc 2007/09/27 v1.1 Expandable integer calculations (HO)
)
("C:\Program Files (x86)\MiKTeX 2.7\tex\generic\oberdiek\bigintcalc.sty"
Package: bigintcalc 2007/11/11 v1.1 Expandable big integer calculations (HO)

("C:\Program Files (x86)\MiKTeX 2.7\tex\generic\oberdiek\pdftexcmds.sty"
Package: pdftexcmds 2007/12/12 v0.3 LuaTeX support for pdfTeX utility functions
 (HO)
Package pdftexcmds Info: LuaTeX not detected on input line 139.
)))
("C:\Program Files (x86)\MiKTeX 2.7\tex\generic\oberdiek\kvsetkeys.sty"
Package: kvsetkeys 2007/09/29 v1.3 Key value parser with default handler suppor
t (HO)
)
\Fld@menulength=\count109
\Field@Width=\dimen118
\Fld@charsize=\dimen119
\Field@toks=\toks29
Package hyperref Info: Hyper figures OFF on input line 4169.
Package hyperref Info: Link nesting OFF on input line 4174.
Package hyperref Info: Hyper index ON on input line 4177.
Package hyperref Info: backreferencing OFF on input line 4184.
Package hyperref Info: Link coloring ON on input line 4187.
Package hyperref Info: Link coloring with OCG OFF on input line 4194.
Package hyperref Info: PDF/A mode OFF on input line 4199.

("C:\Program Files (x86)\MiKTeX 2.7\tex\generic\oberdiek\atbegshi.sty"
Package: atbegshi 2007/09/09 v1.6 At begin shipout hook (HO)

("C:\Program Files (x86)\MiKTeX 2.7\tex\generic\oberdiek\ifpdf.sty"
Package: ifpdf 2007/12/12 v1.6 Provides the ifpdf switch (HO)
Package ifpdf Info: pdfTeX in pdf mode detected.
))
\Hy@abspage=\count110
\c@Item=\count111
\c@Hfootnote=\count112
)
*hyperref using default driver hpdftex*
("C:\Program Files (x86)\MiKTeX 2.7\tex\latex\hyperref\hpdftex.def"
File: hpdftex.def 2008/04/24 v6.77u Hyperref driver for pdfTeX
\Fld@listcount=\count113
)
("C:\Program Files (x86)\MiKTeX 2.7\tex\latex\fancyvrb\fancyvrb.sty"
Package: fancyvrb 2008/02/07

Style option: `fancyvrb' v2.7a, with DG/SPQR fixes, and firstline=lastline fix 
<2008/02/07> (tvz)
\FV@CodeLineNo=\count114
\FV@InFile=\read1
\FV@TabBox=\box28
\c@FancyVerbLine=\count115
\FV@StepNumber=\count116
\FV@OutFile=\write3
)
\c@theorem=\count117
\c@question=\count118
\c@step=\count119
\c@example=\count120
\c@remarkof=\count121
 (document.aux)
LaTeX Font Info:    Checking defaults for OML/cmm/m/it on input line 106.
LaTeX Font Info:    ... okay on input line 106.
LaTeX Font Info:    Checking defaults for T1/cmr/m/n on input line 106.
LaTeX Font Info:    ... okay on input line 106.
LaTeX Font Info:    Checking defaults for OT1/cmr/m/n on input line 106.
LaTeX Font Info:    ... okay on input line 106.
LaTeX Font Info:    Checking defaults for OMS/cmsy/m/n on input line 106.
LaTeX Font Info:    ... okay on input line 106.
LaTeX Font Info:    Checking defaults for OMX/cmex/m/n on input line 106.
LaTeX Font Info:    ... okay on input line 106.
LaTeX Font Info:    Checking defaults for U/cmr/m/n on input line 106.
LaTeX Font Info:    ... okay on input line 106.
LaTeX Font Info:    Checking defaults for LUC/utbt/m/n on input line 106.
LaTeX Font Info:    Try loading font information for LUC+utbt on input line 106
.

(C:\ProgramData\MiKTeX\2.7\tex\latex\kotex\utf\unfonts\lucutbt.fd)
LaTeX Font Info:    ... okay on input line 106.
LaTeX Font Info:    Checking defaults for PD1/pdf/m/n on input line 106.
LaTeX Font Info:    ... okay on input line 106.

("C:\Program Files (x86)\MiKTeX 2.7\tex\context\base\supp-pdf.tex"
[Loading MPS to PDF converter (version 2006.09.02).]
\scratchcounter=\count122
\scratchdimen=\dimen120
\scratchbox=\box29
\nofMPsegments=\count123
\nofMParguments=\count124
\everyMPshowfont=\toks30
\MPscratchCnt=\count125
\MPscratchDim=\dimen121
\MPnumerator=\count126
\everyMPtoPDFconversion=\toks31
) ("C:\Program Files (x86)\MiKTeX 2.7\tex\latex\graphics\color.sty"
Package: color 2005/11/14 v1.0j Standard LaTeX Color (DPC)

("C:\Program Files (x86)\MiKTeX 2.7\tex\latex\00miktex\color.cfg"
File: color.cfg 2007/01/18 v1.5 color configuration of teTeX/TeXLive
)
Package color Info: Driver file: pdftex.def on input line 130.
)
Package hyperref Info: Link coloring ON on input line 106.

("C:\Program Files (x86)\MiKTeX 2.7\tex\latex\hyperref\nameref.sty"
Package: nameref 2007/05/29 v2.31 Cross-referencing by name of section

("C:\Program Files (x86)\MiKTeX 2.7\tex\latex\oberdiek\refcount.sty"
Package: refcount 2006/02/20 v3.0 Data extraction from references (HO)
)
\c@section@level=\count127
)
LaTeX Info: Redefining \ref on input line 106.
LaTeX Info: Redefining \pageref on input line 106.

(document.out) (document.out)
\@outlinefile=\write4
\AtBeginShipoutBox=\box30
LaTeX Font Info:    Font shape `LUC/utbt/bx/n' in size <17.28> not available
(Font)              Font shape `LUC/utbt/b/n' tried instead on input line 159.
 [1


{C:/ProgramData/MiKTeX/2.7/pdftex/config/pdftex.map}] [2]
LaTeX Font Info:    Font shape `LUC/utbt/bx/n' in size <14.4> not available
(Font)              Font shape `LUC/utbt/b/n' tried instead on input line 161.
 [3] [4] <signs2.jpg, id=261, 2937.97626pt x 3223.04124pt>
File: signs2.jpg Graphic file (type jpg)

<use signs2.jpg>
Overfull \hbox (2.27547pt too wide) in paragraph at lines 166--166
[] [] 
 []

[5 <signs2.jpg>] [6]
LaTeX Font Info:    Font shape `LUC/utbt/bx/n' in size <12> not available
(Font)              Font shape `LUC/utbt/b/n' tried instead on input line 174.
LaTeX Font Info:    Try loading font information for U+msa on input line 174.

("C:\Program Files (x86)\MiKTeX 2.7\tex\latex\amsfonts\umsa.fd"
File: umsa.fd 2002/01/19 v2.2g AMS font definitions
)
LaTeX Font Info:    Try loading font information for U+msb on input line 174.

("C:\Program Files (x86)\MiKTeX 2.7\tex\latex\amsfonts\umsb.fd"
File: umsb.fd 2002/01/19 v2.2g AMS font definitions
)
LaTeX Font Info:    Try loading font information for LUC+uttz on input line 174
.

(C:\ProgramData\MiKTeX\2.7\tex\latex\kotex\utf\unfonts\lucuttz.fd)
Underfull \hbox (badness 10000) detected at line 174
\LUC/uttz/m/n/10.95/ac õ\LUC/uttz/m/n/10.95/d5 Y\LUC/uttz/m/n/10.95/c1 \LUC/ut
tz/m/n/10.95/c0 ¬
 []


Underfull \hbox (badness 10000) detected at line 174
\LUC/uttz/m/n/10.95/c8 \LUC/uttz/m/n/10.95/ae 0\LUC/uttz/m/n/10.95/ce ô\LUC/ut
tz/m/n/10.95/d4 è\LUC/uttz/m/n/10.95/d1 0\LUC/uttz/m/n/10.95/ac õ\LUC/uttz/m/n/
10.95/d5 Y\LUC/uttz/m/n/10.95/bd €
 []


Underfull \hbox (badness 10000) detected at line 174
\OT1/cmtt/m/n/10.95 2006-23150
 []


Underfull \hbox (badness 10000) detected at line 174
\OT1/cmtt/m/n/10.95 wizest@gmail.com
 []


Underfull \hbox (badness 10000) detected at line 174
\LUC/uttz/m/n/10.95/ae @ \LUC/uttz/m/n/10.95/c0 Á \LUC/uttz/m/n/10.95/d6 È
 []

[7]
LaTeX Font Info:    Try loading font information for OMS+cmr on input line 176.

 ("C:\Program Files (x86)\MiKTeX 2.7\tex\latex\base\omscmr.fd"
File: omscmr.fd 1999/05/25 v2.5h Standard LaTeX font definitions
)
LaTeX Font Info:    Font shape `OMS/cmr/m/n' in size <10.95> not available
(Font)              Font shape `OMS/cmsy/m/n' tried instead on input line 176.
 [8] [9]
[10] (document.toc [11

] [12])
\tf@toc=\write5
 [13] (document.lof
Overfull \hbox (17.57957pt too wide) in paragraph at lines 12--12
 [][] [][][]\OT1/cmr/m/n/10.95 The three ve-hi-cles in the equi-lat-eral tri-an
-gle for-ma-tion with $2$-dimensional 
 []

[14

])
\tf@lof=\write6
 [15] [16

] [17] [18]
Chapter 1.
[1


] [2] [3]
Chapter 2.
[4

] [5] [6]
Underfull \hbox (badness 10000) in paragraph at lines 525--532

 []

[7]
Overfull \hbox (1.99803pt too wide) in paragraph at lines 590--591
[]\OT1/cmr/bx/n/10.95 Definition 2.14 \OT1/cmr/m/n/10.95 (Out-put Track-ing Pro
b-lem (MIMO))\OT1/cmr/bx/n/10.95 . []\OT1/cmr/m/n/10.95 Con-sider the fol-low-i
ng multi-
 []

[8] [9] [10]
Underfull \hbox (badness 10000) in paragraph at lines 753--761

 []

[11] [12] [13]
Chapter 3.
[14

] [15] [16] [17] [18] <graph1.png, id=778, 332.24126pt x 243.91125pt>
File: graph1.png Graphic file (type png)

<use graph1.png> <graph4.png, id=779, 332.24126pt x 243.91125pt>
File: graph4.png Graphic file (type png)

<use graph4.png> [19 <graph1.png (PNG copy)> <graph4.png (PNG copy)>]
<graph2.png, id=786, 332.24126pt x 243.91125pt>
File: graph2.png Graphic file (type png)
 <use graph2.png> [20 <graph2.png (PNG copy)>] [21]
Overfull \hbox (17.9345pt too wide) in paragraph at lines 1183--1185
[]\OT1/cmr/bx/n/10.95 Theorem 3.8. []\OT1/cmr/m/it/10.95 The Lapla-cian ma-trix
 $\OML/cmm/m/it/10.95 L \OMS/cmsy/m/n/10.95 2 \U/msb/m/n/10.95 R[]$ \OT1/cmr/m/
it/10.95 al-ways has the vec-tor $[][] \U/msa/m/n/10.95 , \OT1/cmr/m/n/10.95 [1
\OML/cmm/m/it/10.95 ; []  ; \OT1/cmr/m/n/10.95 1][] \OMS/cmsy/m/n/10.95 2
 []

[22] <graph3.png, id=821, 263.98625pt x 243.91125pt>
File: graph3.png Graphic file (type png)
 <use graph3.png> [23 <graph3.png (PNG copy)>] [24] [25] [26] [27] [28] [29] [3
0] [31] [32] [33] [34]
[35] [36] [37] [38]
Chapter 4.
<t50flight2.jpg, id=1032, 1034.36438pt x 651.93562pt>
File: t50flight2.jpg Graphic file (type jpg)
 <use t50flight2.jpg>
[39

 <t50flight2.jpg>] <football.png, id=1037, 299.1175pt x 224.84pt>
File: football.png Graphic file (type png)

<use football.png> <platoon.png, id=1039, 660.4675pt x 451.6875pt>
File: platoon.png Graphic file (type png)

<use platoon.png>
Overfull \hbox (2.47588pt too wide) in paragraph at lines 2010--2016
[]\OT1/cmr/m/n/10.95 Generally speak-ing, For-ma-tion com-monly in-di-cates a c
on-fig-u-ra-tion of some agents
 []

[40 <football.png (PNG copy)>] [41 <platoon.png (PNG copy)>]
<triangle.png, id=1059, 838.13126pt x 549.05125pt>
File: triangle.png Graphic file (type png)
 <use triangle.png> [42 <triangle.png (PNG copy)>] [43] [44]
LaTeX Font Info:    Font shape `OMS/cmr/m/it' in size <10.95> not available
(Font)              Font shape `OMS/cmsy/m/n' tried instead on input line 2235.

 [45] [46] [47]
<match1.png, id=1148, 248.93pt x 244.915pt>
File: match1.png Graphic file (type png)
 <use match1.png>
<match2.png, id=1149, 248.93pt x 244.915pt>
File: match2.png Graphic file (type png)
 <use match2.png> [48] [49 <match1.png (PNG copy)> <match2.png (PNG copy)>] [50
]
Overfull \hbox (16.50848pt too wide) in paragraph at lines 2497--2501
\OT1/cmr/m/n/10.95 min-i-mize the graph match-ing cost. And the sec-ond part, $
\OMS/cmsy/m/n/10.95  \OML/cmm/m/it/10.95 kP []$
 []

<nearness1.png, id=1194, 752.8125pt x 542.025pt>
File: nearness1.png Graphic file (type png)
 <use nearness1.png>
<nearness2.png, id=1195, 752.8125pt x 542.025pt>
File: nearness2.png Graphic file (type png)
 <use nearness2.png> [51 <nearness1.png (PNG copy)> <nearness2.png (PNG copy)>]
 [52] [53]
<homogenity1.png, id=1242, 221.82875pt x 219.82124pt>
File: homogenity1.png Graphic file (type png)
 <use homogenity1.png>
<homogenity2.png, id=1243, 221.82875pt x 219.82124pt>
File: homogenity2.png Graphic file (type png)
 <use homogenity2.png>
<homogenity3.png, id=1244, 221.82875pt x 219.82124pt>
File: homogenity3.png Graphic file (type png)
 <use homogenity3.png>
<homogenity4.png, id=1245, 221.82875pt x 219.82124pt>
File: homogenity4.png Graphic file (type png)
 <use homogenity4.png>
[54 <homogenity1.png (PNG copy)> <homogenity2.png (PNG copy)> <homogenity3.png 
(PNG copy)> <homogenity4.png (PNG copy)>] [55] [56]
Chapter 5.

Overfull \hbox (12.3077pt too wide) in paragraph at lines 2779--2779
[]\OT1/cmr/bx/n/14.4 Multiple Ho-mo-ge-neous Non-holo-nomic Mo-bile Robots 
 []

<kinematic_model.png, id=1280, 767.86874pt x 586.19pt>
File: kinematic_model.png Graphic file (type png)

<use kinematic_model.png> [57

 <kinematic_model.png (PNG copy)>] [58] [59]
<formation.png, id=1319, 834.11626pt x 653.44125pt>
File: formation.png Graphic file (type png)
 <use formation.png>

LaTeX Font Warning: Command \tiny invalid in math mode on input line 2970.


LaTeX Font Warning: Command \tiny invalid in math mode on input line 2970.

[60 <formation.png (PNG copy)>]
<laplacian.png, id=1327, 623.32875pt x 560.0925pt>
File: laplacian.png Graphic file (type png)
 <use laplacian.png> [61 <laplacian.png (PNG copy)>] [62]

LaTeX Font Warning: Command \footnotesize invalid in math mode on input line 30
71.


LaTeX Font Warning: Command \footnotesize invalid in math mode on input line 30
71.


LaTeX Font Warning: Command \footnotesize invalid in math mode on input line 30
71.


LaTeX Font Warning: Command \footnotesize invalid in math mode on input line 30
71.


! Package amsmath Error: Erroneous nesting of equation structures;
(amsmath)                trying to recover with `aligned'.

See the amsmath package documentation for explanation.
Type  H <return>  for immediate help.
 ...                                              
                                                  
l.3080 \end{alignat*}
                     \end{equation}
Try typing  <return>  to proceed.
If that doesn't work, type  X <return>  to quit.

[63] <formationTracking_x.pdf, id=1365, 845.1575pt x 597.23125pt>
File: formationTracking_x.pdf Graphic file (type pdf)

<use formationTracking_x.pdf>
<formationTracking_y.pdf, id=1366, 845.1575pt x 597.23125pt>
File: formationTracking_y.pdf Graphic file (type pdf)

<use formationTracking_y.pdf>
<formationTracking.pdf, id=1367, 845.1575pt x 597.23125pt>
File: formationTracking.pdf Graphic file (type pdf)

<use formationTracking.pdf> [64 <formationTracking_x.pdf, page is rotated 90 de
grees> <formationTracking_y.pdf, page is rotated 90 degrees>] [65 <formationTra
cking.pdf, page is rotated 90 degrees>]
<pdynamics.pdf, id=1397, 845.1575pt x 597.23125pt>
File: pdynamics.pdf Graphic file (type pdf)
 <use pdynamics.pdf>
<formationTracking2_x.pdf, id=1400, 845.1575pt x 597.23125pt>
File: formationTracking2_x.pdf Graphic file (type pdf)

<use formationTracking2_x.pdf>
<formationTracking2_y.pdf, id=1401, 845.1575pt x 597.23125pt>
File: formationTracking2_y.pdf Graphic file (type pdf)

<use formationTracking2_y.pdf>
<formationTracking2.pdf, id=1402, 845.1575pt x 597.23125pt>
File: formationTracking2.pdf Graphic file (type pdf)

<use formationTracking2.pdf> [66 <pdynamics.pdf, page is rotated 90 degrees>]
[67 <formationTracking2_x.pdf, page is rotated 90 degrees> <formationTracking2_
y.pdf, page is rotated 90 degrees> <formationTracking2.pdf, page is rotated 90 
degrees>]
Chapter 6.
[68

] [69]
Appendix A.
[70

] <feedbackLinearization.png, id=1452, 179.16937pt x 692.5875pt>
File: feedbackLinearization.png Graphic file (type png)

<use feedbackLinearization.png>
<matlabMultiAgents.png, id=1453, 720.6925pt x 1263.72125pt>
File: matlabMultiAgents.png Graphic file (type png)

<use matlabMultiAgents.png> [71] [72 <feedbackLinearization.png (PNG copy)>]
[73 <matlabMultiAgents.png>] [74] (document.bbl [75] [76

] [77] [78]) [79]
[80

]
LaTeX Font Info:    Font shape `LUC/utbt/bx/n' in size <10.95> not available
(Font)              Font shape `LUC/utbt/b/n' tried instead on input line 3512.

 [81] [82] [83] [84] [85] [86] (document.aux) ) 
Here is how much of TeX's memory you used:
 7345 strings out of 95337
 97781 string characters out of 1183908
 174234 words of memory out of 1500000
 9808 multiletter control sequences out of 110000
 51607 words of font info for 181 fonts, out of 1200000 for 2000
 14 hyphenation exceptions out of 8191
 44i,23n,45p,479b,507s stack positions out of 5000i,500n,10000p,200000b,5000s
<C:/Program Files (x86)/MiKTeX 2
.7/fonts/type1/bluesky/cm/cmbx10.pfb><C:/Program Files (x86)/MiKTeX 2.7/fonts/t
ype1/bluesky/cm/cmbx12.pfb><C:/Program Files (x86)/MiKTeX 2.7/fonts/type1/blues
ky/cm/cmbx9.pfb><C:/Program Files (x86)/MiKTeX 2.7/fonts/type1/bluesky/cm/cmbxt
i10.pfb><C:/Program Files (x86)/MiKTeX 2.7/fonts/type1/bluesky/cm/cmex10.pfb><C
:/Program Files (x86)/MiKTeX 2.7/fonts/type1/bluesky/cm/cmmi10.pfb><C:/Program 
Files (x86)/MiKTeX 2.7/fonts/type1/bluesky/cm/cmmi5.pfb><C:/Program Files (x86)
/MiKTeX 2.7/fonts/type1/bluesky/cm/cmmi6.pfb><C:/Program Files (x86)/MiKTeX 2.7
/fonts/type1/bluesky/cm/cmmi8.pfb><C:/Program Files (x86)/MiKTeX 2.7/fonts/type
1/bluesky/cm/cmmi9.pfb><C:/Program Files (x86)/MiKTeX 2.7/fonts/type1/bluesky/c
m/cmr10.pfb><C:/Program Files (x86)/MiKTeX 2.7/fonts/type1/bluesky/cm/cmr12.pfb
><C:/Program Files (x86)/MiKTeX 2.7/fonts/type1/bluesky/cm/cmr5.pfb><C:/Program
 Files (x86)/MiKTeX 2.7/fonts/type1/bluesky/cm/cmr6.pfb><C:/Program Files (x86)
/MiKTeX 2.7/fonts/type1/bluesky/cm/cmr8.pfb><C:/Program Files (x86)/MiKTeX 2.7/
fonts/type1/bluesky/cm/cmr9.pfb><C:/Program Files (x86)/MiKTeX 2.7/fonts/type1/
bluesky/cm/cmsy10.pfb><C:/Program Files (x86)/MiKTeX 2.7/fonts/type1/bluesky/cm
/cmsy6.pfb><C:/Program Files (x86)/MiKTeX 2.7/fonts/type1/bluesky/cm/cmsy8.pfb>
<C:/Program Files (x86)/MiKTeX 2.7/fonts/type1/bluesky/cm/cmsy9.pfb><C:/Program
 Files (x86)/MiKTeX 2.7/fonts/type1/bluesky/cm/cmti10.pfb><C:/Program Files (x8
6)/MiKTeX 2.7/fonts/type1/bluesky/cm/cmtt10.pfb><C:/Program Files (x86)/MiKTeX 
2.7/fonts/type1/bluesky/cm/cmtt9.pfb><C:/Program Files (x86)/MiKTeX 2.7/fonts/t
ype1/bluesky/ams/msam10.pfb><C:/Program Files (x86)/MiKTeX 2.7/fonts/type1/blue
sky/ams/msbm10.pfb><C:/ProgramData/MiKTeX/2.7/fonts/type1/kotex/base/myoungjo/o
utbtbac.pfb><C:/ProgramData/MiKTeX/2.7/fonts/type1/kotex/base/myoungjo/outbtbad
.pfb><C:/ProgramData/MiKTeX/2.7/fonts/type1/kotex/base/myoungjo/outbtbae.pfb><C
:/ProgramData/MiKTeX/2.7/fonts/type1/kotex/base/myoungjo/outbtbb1.pfb><C:/Progr
amData/MiKTeX/2.7/fonts/type1/kotex/base/myoungjo/outbtbb2.pfb><C:/ProgramData/
MiKTeX/2.7/fonts/type1/kotex/base/myoungjo/outbtbb3.pfb><C:/ProgramData/MiKTeX/
2.7/fonts/type1/kotex/base/myoungjo/outbtbb7.pfb><C:/ProgramData/MiKTeX/2.7/fon
ts/type1/kotex/base/myoungjo/outbtbb8.pfb><C:/ProgramData/MiKTeX/2.7/fonts/type
1/kotex/base/myoungjo/outbtbba.pfb><C:/ProgramData/MiKTeX/2.7/fonts/type1/kotex
/base/myoungjo/outbtbbb.pfb><C:/ProgramData/MiKTeX/2.7/fonts/type1/kotex/base/m
youngjo/outbtbbc.pfb><C:/ProgramData/MiKTeX/2.7/fonts/type1/kotex/base/myoungjo
/outbtbbd.pfb><C:/ProgramData/MiKTeX/2.7/fonts/type1/kotex/base/myoungjo/outbtb
be.pfb><C:/ProgramData/MiKTeX/2.7/fonts/type1/kotex/base/myoungjo/outbtbc0.pfb>
<C:/ProgramData/MiKTeX/2.7/fonts/type1/kotex/base/myoungjo/outbtbc1.pfb><C:/Pro
gramData/MiKTeX/2.7/fonts/type1/kotex/base/myoungjo/outbtbc2.pfb><C:/ProgramDat
a/MiKTeX/2.7/fonts/type1/kotex/base/myoungjo/outbtbc5.pfb><C:/ProgramData/MiKTe
X/2.7/fonts/type1/kotex/base/myoungjo/outbtbc6.pfb><C:/ProgramData/MiKTeX/2.7/f
onts/type1/kotex/base/myoungjo/outbtbc7.pfb><C:/ProgramData/MiKTeX/2.7/fonts/ty
pe1/kotex/base/myoungjo/outbtbc8.pfb><C:/ProgramData/MiKTeX/2.7/fonts/type1/kot
ex/base/myoungjo/outbtbcc.pfb><C:/ProgramData/MiKTeX/2.7/fonts/type1/kotex/base
/myoungjo/outbtbcd.pfb><C:/ProgramData/MiKTeX/2.7/fonts/type1/kotex/base/myoung
jo/outbtbce.pfb><C:/ProgramData/MiKTeX/2.7/fonts/type1/kotex/base/myoungjo/outb
tbd1.pfb><C:/ProgramData/MiKTeX/2.7/fonts/type1/kotex/base/myoungjo/outbtbd3.pf
b><C:/ProgramData/MiKTeX/2.7/fonts/type1/kotex/base/myoungjo/outbtbd4.pfb><C:/P
rogramData/MiKTeX/2.7/fonts/type1/kotex/base/myoungjo/outbtbd5.pfb><C:/ProgramD
ata/MiKTeX/2.7/fonts/type1/kotex/base/myoungjo/outbtbd6.pfb><C:/ProgramData/MiK
TeX/2.7/fonts/type1/kotex/base/myoungjo/outbtbd7.pfb><C:/ProgramData/MiKTeX/2.7
/fonts/type1/kotex/base/myoungjo/outbtmac.pfb><C:/ProgramData/MiKTeX/2.7/fonts/
type1/kotex/base/myoungjo/outbtmad.pfb><C:/ProgramData/MiKTeX/2.7/fonts/type1/k
otex/base/myoungjo/outbtmae.pfb><C:/ProgramData/MiKTeX/2.7/fonts/type1/kotex/ba
se/myoungjo/outbtmb0.pfb><C:/ProgramData/MiKTeX/2.7/fonts/type1/kotex/base/myou
ngjo/outbtmb1.pfb><C:/ProgramData/MiKTeX/2.7/fonts/type1/kotex/base/myoungjo/ou
tbtmb2.pfb><C:/ProgramData/MiKTeX/2.7/fonts/type1/kotex/base/myoungjo/outbtmb3.
pfb><C:/ProgramData/MiKTeX/2.7/fonts/type1/kotex/base/myoungjo/outbtmb4.pfb><C:
/ProgramData/MiKTeX/2.7/fonts/type1/kotex/base/myoungjo/outbtmb5.pfb><C:/Progra
mData/MiKTeX/2.7/fonts/type1/kotex/base/myoungjo/outbtmb6.pfb><C:/ProgramData/M
iKTeX/2.7/fonts/type1/kotex/base/myoungjo/outbtmb7.pfb><C:/ProgramData/MiKTeX/2
.7/fonts/type1/kotex/base/myoungjo/outbtmb8.pfb><C:/ProgramData/MiKTeX/2.7/font
s/type1/kotex/base/myoungjo/outbtmb9.pfb><C:/ProgramData/MiKTeX/2.7/fonts/type1
/kotex/base/myoungjo/outbtmba.pfb><C:/ProgramData/MiKTeX/2.7/fonts/type1/kotex/
base/myoungjo/outbtmbb.pfb><C:/ProgramData/MiKTeX/2.7/fonts/type1/kotex/base/my
oungjo/outbtmbc.pfb><C:/ProgramData/MiKTeX/2.7/fonts/type1/kotex/base/myoungjo/
outbtmbd.pfb><C:/ProgramData/MiKTeX/2.7/fonts/type1/kotex/base/myoungjo/outbtmb
e.pfb><C:/ProgramData/MiKTeX/2.7/fonts/type1/kotex/base/myoungjo/outbtmc0.pfb><
C:/ProgramData/MiKTeX/2.7/fonts/type1/kotex/base/myoungjo/outbtmc1.pfb><C:/Prog
ramData/MiKTeX/2.7/fonts/type1/kotex/base/myoungjo/outbtmc2.pfb><C:/ProgramData
/MiKTeX/2.7/fonts/type1/kotex/base/myoungjo/outbtmc5.pfb><C:/ProgramData/MiKTeX
/2.7/fonts/type1/kotex/base/myoungjo/outbtmc6.pfb><C:/ProgramData/MiKTeX/2.7/fo
nts/type1/kotex/base/myoungjo/outbtmc7.pfb><C:/ProgramData/MiKTeX/2.7/fonts/typ
e1/kotex/base/myoungjo/outbtmc8.pfb><C:/ProgramData/MiKTeX/2.7/fonts/type1/kote
x/base/myoungjo/outbtmc9.pfb><C:/ProgramData/MiKTeX/2.7/fonts/type1/kotex/base/
myoungjo/outbtmcc.pfb><C:/ProgramData/MiKTeX/2.7/fonts/type1/kotex/base/myoungj
o/outbtmcd.pfb><C:/ProgramData/MiKTeX/2.7/fonts/type1/kotex/base/myoungjo/outbt
mce.pfb><C:/ProgramData/MiKTeX/2.7/fonts/type1/kotex/base/myoungjo/outbtmd0.pfb
><C:/ProgramData/MiKTeX/2.7/fonts/type1/kotex/base/myoungjo/outbtmd1.pfb><C:/Pr
ogramData/MiKTeX/2.7/fonts/type1/kotex/base/myoungjo/outbtmd2.pfb><C:/ProgramDa
ta/MiKTeX/2.7/fonts/type1/kotex/base/myoungjo/outbtmd3.pfb><C:/ProgramData/MiKT
eX/2.7/fonts/type1/kotex/base/myoungjo/outbtmd4.pfb><C:/ProgramData/MiKTeX/2.7/
fonts/type1/kotex/base/myoungjo/outbtmd5.pfb><C:/ProgramData/MiKTeX/2.7/fonts/t
ype1/kotex/base/myoungjo/outbtmd6.pfb><C:/ProgramData/MiKTeX/2.7/fonts/type1/ko
tex/base/myoungjo/outbtmd7.pfb><C:/ProgramData/MiKTeX/2.7/fonts/type1/kotex/bas
e/taza/outtzmac.pfb><C:/ProgramData/MiKTeX/2.7/fonts/type1/kotex/base/taza/outt
zmae.pfb><C:/ProgramData/MiKTeX/2.7/fonts/type1/kotex/base/taza/outtzmbd.pfb><C
:/ProgramData/MiKTeX/2.7/fonts/type1/kotex/base/taza/outtzmc0.pfb><C:/ProgramDa
ta/MiKTeX/2.7/fonts/type1/kotex/base/taza/outtzmc1.pfb><C:/ProgramData/MiKTeX/2
.7/fonts/type1/kotex/base/taza/outtzmc8.pfb><C:/ProgramData/MiKTeX/2.7/fonts/ty
pe1/kotex/base/taza/outtzmce.pfb><C:/ProgramData/MiKTeX/2.7/fonts/type1/kotex/b
ase/taza/outtzmd1.pfb><C:/ProgramData/MiKTeX/2.7/fonts/type1/kotex/base/taza/ou
ttzmd4.pfb><C:/ProgramData/MiKTeX/2.7/fonts/type1/kotex/base/taza/outtzmd5.pfb>
<C:/ProgramData/MiKTeX/2.7/fonts/type1/kotex/base/taza/outtzmd6.pfb>
Output written on document.pdf (104 pages, 4129422 bytes).
PDF statistics:
 1953 PDF objects out of 2073 (max. 8388607)
 488 named destinations out of 1000 (max. 131072)
 586 words of extra memory for PDF output out of 10000 (max. 10000000)

